<?xml version="1.0" encoding="UTF-8"?>
<testng-results ignored="0" total="3" passed="2" failed="1" skipped="0">
  <reporter-output>
  </reporter-output>
  <suite started-at="2020-07-16T14:17:05Z" name="Default suite" finished-at="2020-07-16T14:17:32Z" duration-ms="27185">
    <groups>
    </groups>
    <test started-at="2020-07-16T14:17:05Z" name="Default test" finished-at="2020-07-16T14:17:32Z" duration-ms="27185">
      <class name="tests.GoogleTest">
        <test-method is-config="true" signature="initPages()[pri:0, instance:tests.GoogleTest@26b3fd41]" started-at="2020-07-16T14:17:05Z" name="initPages" finished-at="2020-07-16T14:17:19Z" duration-ms="13679" status="PASS">
          <reporter-output>
          </reporter-output>
        </test-method> <!-- initPages -->
        <test-method is-config="true" signature="initVars()[pri:0, instance:tests.GoogleTest@26b3fd41]" started-at="2020-07-16T14:17:19Z" name="initVars" finished-at="2020-07-16T14:17:19Z" duration-ms="45" status="PASS">
          <reporter-output>
          </reporter-output>
        </test-method> <!-- initVars -->
        <test-method signature="launchApplication()[pri:1, instance:tests.GoogleTest@26b3fd41]" started-at="2020-07-16T14:17:19Z" name="launchApplication" finished-at="2020-07-16T14:17:20Z" duration-ms="1663" status="PASS">
          <reporter-output>
          </reporter-output>
        </test-method> <!-- launchApplication -->
        <test-method signature="verifySearchResults()[pri:2, instance:tests.GoogleTest@26b3fd41]" started-at="2020-07-16T14:17:20Z" name="verifySearchResults" finished-at="2020-07-16T14:17:24Z" duration-ms="3696" status="FAIL">
          <exception class="java.lang.AssertionError">
            <message>
              <![CDATA[expected [Avengers - Google Search] but found [https://www.google.co.in/search?source=hp&ei=b2EQX4uwDeye4-EP-4G16AM&q=Avengers&btnK=Google+Search]]]>
            </message>
            <full-stacktrace>
              <![CDATA[java.lang.AssertionError: expected [Avengers - Google Search] but found [https://www.google.co.in/search?source=hp&ei=b2EQX4uwDeye4-EP-4G16AM&q=Avengers&btnK=Google+Search]
at org.testng.Assert.fail(Assert.java:96)
at org.testng.Assert.failNotEquals(Assert.java:776)
at org.testng.Assert.assertEqualsImpl(Assert.java:137)
at org.testng.Assert.assertEquals(Assert.java:118)
at org.testng.Assert.assertEquals(Assert.java:453)
at org.testng.Assert.assertEquals(Assert.java:463)
at tests.GoogleTest.verifySearchResults(GoogleTest.java:38)
at java.base/jdk.internal.reflect.NativeMethodAccessorImpl.invoke0(Native Method)
at java.base/jdk.internal.reflect.NativeMethodAccessorImpl.invoke(NativeMethodAccessorImpl.java:62)
at java.base/jdk.internal.reflect.DelegatingMethodAccessorImpl.invoke(DelegatingMethodAccessorImpl.java:43)
at java.base/java.lang.reflect.Method.invoke(Method.java:566)
at org.testng.internal.MethodInvocationHelper.invokeMethod(MethodInvocationHelper.java:124)
at org.testng.internal.Invoker.invokeMethod(Invoker.java:583)
at org.testng.internal.Invoker.invokeTestMethod(Invoker.java:719)
at org.testng.internal.Invoker.invokeTestMethods(Invoker.java:989)
at org.testng.internal.TestMethodWorker.invokeTestMethods(TestMethodWorker.java:125)
at org.testng.internal.TestMethodWorker.run(TestMethodWorker.java:109)
at org.testng.TestRunner.privateRun(TestRunner.java:648)
at org.testng.TestRunner.run(TestRunner.java:505)
at org.testng.SuiteRunner.runTest(SuiteRunner.java:455)
at org.testng.SuiteRunner.runSequentially(SuiteRunner.java:450)
at org.testng.SuiteRunner.privateRun(SuiteRunner.java:415)
at org.testng.SuiteRunner.run(SuiteRunner.java:364)
at org.testng.SuiteRunnerWorker.runSuite(SuiteRunnerWorker.java:52)
at org.testng.SuiteRunnerWorker.run(SuiteRunnerWorker.java:84)
at org.testng.TestNG.runSuitesSequentially(TestNG.java:1208)
at org.testng.TestNG.runSuitesLocally(TestNG.java:1137)
at org.testng.TestNG.runSuites(TestNG.java:1049)
at org.testng.TestNG.run(TestNG.java:1017)
at org.testng.remote.AbstractRemoteTestNG.run(AbstractRemoteTestNG.java:115)
at org.testng.remote.RemoteTestNG.initAndRun(RemoteTestNG.java:251)
at org.testng.remote.RemoteTestNG.main(RemoteTestNG.java:77)
]]>
            </full-stacktrace>
          </exception> <!-- java.lang.AssertionError -->
          <reporter-output>
          </reporter-output>
        </test-method> <!-- verifySearchResults -->
        <test-method signature="verifyHomePage()[pri:3, instance:tests.GoogleTest@26b3fd41]" started-at="2020-07-16T14:17:24Z" name="verifyHomePage" finished-at="2020-07-16T14:17:28Z" duration-ms="3910" status="PASS">
          <reporter-output>
          </reporter-output>
        </test-method> <!-- verifyHomePage -->
        <test-method is-config="true" signature="closeBrowser()[pri:0, instance:tests.GoogleTest@26b3fd41]" started-at="2020-07-16T14:17:28Z" name="closeBrowser" finished-at="2020-07-16T14:17:32Z" duration-ms="4144" status="PASS">
          <reporter-output>
          </reporter-output>
        </test-method> <!-- closeBrowser -->
      </class> <!-- tests.GoogleTest -->
    </test> <!-- Default test -->
  </suite> <!-- Default suite -->
</testng-results>
